p/38a.jpg 1 0 0 216 551
p/34a.jpg 1 0 0 202 540
p/26a.jpg 1 0 0 223 528
p/25a.jpg 1 0 0 210 565
p/24a.jpg 1 0 0 210 510
p/21a.jpg 1 0 0 202 466
p/204545.jpg 1 0 0 222 502
p/38.jpg 1 0 0 623 623
p/37.jpg 1 0 0 587 587
p/36.jpg 1 0 0 616 616
p/35.jpg 1 0 0 612 612
p/34.jpg 1 0 0 606 606
p/33.jpg 1 0 0 601 601
p/31.jpg 1 0 0 619 619
p/29.jpg 1 0 0 598 598
p/28.jpg 1 0 0 607 607
p/27.jpg 1 0 0 589 589
p/26.jpg 1 0 0 567 567
p/25.jpg 1 0 0 590 590
p/24.jpg 1 0 0 569 569
p/23.jpg 1 0 0 599 599
p/22.jpg 1 0 0 550 550
p/21.jpg 1 0 0 534 534
p/20.jpg 1 0 0 566 566
p/223.jpg 1 0 0 141 300
p/WIN_20211206_20_25_47_Pro1.jpg 1 0 0 192 538
p/WIN_20211206_20_25_45_Pro1.jpg 1 0 0 188 547
p/WIN_20211206_20_25_30_Pro1.jpg 1 0 0 211 543
p/WIN_20211206_20_25_20_Pro.jpg 1 0 0 175 520
p/WIN_20211206_21_26_31_Pro.jpg 1 0 0 93 267
p/WIN_20211206_21_26_29_Pro.jpg 1 0 0 118 282
p/WIN_20211206_21_26_04_Pro.jpg 1 0 0 115 288
p/WIN_20211206_21_25_07_Pro.jpg 1 0 0 109 280
p/WIN_20211206_20_25_53_Pro1.jpg 1 0 0 183 530
p/WIN_20211206_20_25_51_Pro1.jpg 1 0 0 187 539
p/WIN_20211206_20_25_49_Pro1.jpg 1 0 0 190 548
p/WIN_20211206_20_25_43_Pro1.jpg 1 0 0 184 513
p/WIN_20211206_20_25_17_Pro1.jpg 1 0 0 182 529
p/WIN_20211206_20_25_17_Pro.jpg 1 0 0 176 484
p/WIN_20211206_20_24_52_Pro2.jpg 1 0 0 193 536
p/WIN_20211206_20_24_52_Pro.jpg 1 0 0 191 535
p/WIN_20211206_20_24_44_Pro2.jpg 1 0 0 186 538
p/WIN_20211206_20_24_44_Pro1.jpg 1 0 0 181 536
p/WIN_20211206_20_24_35_Pro2.jpg 1 0 0 185 543
p/WIN_20211206_20_24_27_Pro2.jpg 1 0 0 174 550
p/WIN_20211206_20_24_19_Pro2.jpg 1 0 0 212 551
p/WIN_20211206_20_24_19_Pro1.jpg 1 0 0 203 551
p/IMG_20211206_201348_TIMEBURST43.jpg 1 0 0 1203 3229
p/IMG_20211206_201348_TIMEBURST33.jpg 1 0 0 1100 3020
p/IMG_20211206_201348_88.jpg 1 0 0 1005 3206
p/IMG_20211206_201348_45.jpg 1 0 0 1172 3245
p/IMG_20211206_201348_52.jpg 1 0 0 1039 3313
p/IMG_20211206_201348_44.jpg 1 0 0 1089 3233
p/IMG_20211206_201348_43.jpg 1 0 0 1199 3159
p/IMG_20211206_201348_22.jpg 1 0 0 1052 3003
p/IMG_20211206_201348_20.jpg 1 0 0 977 3044
p/IMG_20211206_201348_19.jpg 1 0 0 965 3039
p/IMG_20211206_201348_10.jpg 1 0 0 1175 3193
p/IMG_20211206_201348_9.jpg 1 0 0 1354 3189
p/IMG_20211206_201348_8.jpg 1 0 0 1201 3104
p/484.jpg 1 0 0 171 370
p/482.jpg 1 0 0 149 387
p/459.jpg 1 0 0 140 377
p/458.jpg 1 0 0 141 378
p/457.jpg 1 0 0 173 370
p/363.jpg 1 0 0 153 393
p/361.jpg 1 0 0 115 387
p/327.jpg 1 0 0 90 364
p/325.jpg 1 0 0 113 372
p/224.jpg 1 0 0 147 292
p/238.jpg 1 0 0 151 307
p/237.jpg 1 0 0 138 310
p/236.jpg 1 0 0 147 309
p/235.jpg 1 0 0 150 308
p/234.jpg 1 0 0 163 319
p/225.jpg 1 0 0 140 293
p/222.jpg 1 0 0 153 300
p/WIN_20211206_21_26_27_Pro.jpg 1 0 0 325 358
p/WIN_20211206_21_26_25_Pro.jpg 1 0 0 320 356
p/WIN_20211206_21_26_23_Pro.jpg 1 0 0 302 376
p/WIN_20211206_21_26_21_Pro.jpg 1 0 0 314 355
p/WIN_20211206_21_26_18_Pro.jpg 1 0 0 333 350
p/WIN_20211206_21_26_16_Pro.jpg 1 0 0 294 356
p/WIN_20211206_21_26_14_Pro.jpg 1 0 0 343 377
p/WIN_20211206_21_26_02_Pro.jpg 1 0 0 326 373
p/WIN_20211206_21_26_00_Pro.jpg 1 0 0 333 368
p/WIN_20211206_21_25_36_Pro.jpg 1 0 0 325 365
p/WIN_20211206_21_25_34_Pro.jpg 1 0 0 309 374
p/WIN_20211206_21_25_32_Pro.jpg 1 0 0 287 354
p/WIN_20211206_21_25_30_Pro.jpg 1 0 0 248 388
p/WIN_20211206_21_25_28_Pro.jpg 1 0 0 273 363
p/WIN_20211206_21_25_26_Pro.jpg 1 0 0 280 351
p/WIN_20211206_21_25_24_Pro.jpg 1 0 0 274 349
p/WIN_20211206_21_25_22_Pro.jpg 1 0 0 289 353
p/WIN_20211206_21_25_20_Pro.jpg 1 0 0 301 363
p/WIN_20211206_21_25_18_Pro.jpg 1 0 0 290 367
p/WIN_20211206_21_25_16_Pro.jpg 1 0 0 265 362
p/WIN_20211206_21_25_13_Pro.jpg 1 0 0 268 347
p/WIN_20211206_21_25_11_Pro.jpg 1 0 0 292 372
p/WIN_20211206_21_25_09_Pro.jpg 1 0 0 312 363
p/WIN_20211206_21_25_01_Pro.jpg 1 0 0 330 391
p/1639020347903.jpg 1 0 0 312 344
p/1639020347902.jpg 1 0 0 326 357
p/WIN_20211206_20_25_59_Pro.jpg 1 0 0 629 620
p/WIN_20211206_20_25_57_Pro.jpg 1 0 0 538 563
p/WIN_20211206_20_25_55_Pro.jpg 1 0 0 538 583
p/WIN_20211206_20_25_53_Pro.jpg 1 0 0 567 590
p/WIN_20211206_20_25_51_Pro.jpg 1 0 0 560 602
p/WIN_20211206_20_25_49_Pro.jpg 1 0 0 543 596
p/WIN_20211206_20_25_47_Pro.jpg 1 0 0 546 602
p/WIN_20211206_20_25_45_Pro.jpg 1 0 0 561 612
p/WIN_20211206_20_25_43_Pro.jpg 1 0 0 548 575
p/WIN_20211206_20_25_40_Pro.jpg 1 0 0 556 594
p/WIN_20211206_20_25_38_Pro.jpg 1 0 0 561 596
p/WIN_20211206_20_25_36_Pro.jpg 1 0 0 555 609
p/WIN_20211206_20_25_34_Pro.jpg 1 0 0 565 602
p/WIN_20211206_20_25_32_Pro.jpg 1 0 0 579 608
p/WIN_20211206_20_25_30_Pro.jpg 1 0 0 551 588
p/WIN_20211206_20_25_28_Pro.jpg 1 0 0 571 583
p/WIN_20211206_20_25_26_Pro.jpg 1 0 0 552 579
p/WIN_20211206_20_25_24_Pro.jpg 1 0 0 559 582
p/WIN_20211206_20_25_22_Pro.jpg 1 0 0 530 578
p/WIN_20211206_20_24_44_Pro.jpg 1 0 0 578 602
p/WIN_20211206_20_24_42_Pro.jpg 1 0 0 556 584
p/WIN_20211206_20_24_40_Pro.jpg 1 0 0 526 594
p/WIN_20211206_20_24_37_Pro.jpg 1 0 0 531 601
p/WIN_20211206_20_24_35_Pro.jpg 1 0 0 604 595
p/WIN_20211206_20_24_33_Pro.jpg 1 0 0 572 599
p/WIN_20211206_20_24_31_Pro.jpg 1 0 0 578 592
p/WIN_20211206_20_24_29_Pro.jpg 1 0 0 515 620
p/WIN_20211206_20_24_27_Pro.jpg 1 0 0 522 620
p/WIN_20211206_20_24_25_Pro.jpg 1 0 0 546 612
p/WIN_20211206_20_24_23_Pro.jpg 1 0 0 550 609
p/WIN_20211206_20_24_21_Pro.jpg 1 0 0 556 599
p/WIN_20211206_20_24_19_Pro.jpg 1 0 0 595 605