p/93.jpg 1 0 0 261 261
p/92.jpg 1 0 0 264 264
p/91.jpg 1 0 0 269 269
p/90.jpg 1 0 0 269 269
p/89.jpg 1 0 0 266 266
p/82.jpg 1 0 0 274 274
p/81.jpg 1 0 0 274 274
p/80.jpg 1 0 0 273 273
p/79.jpg 1 0 0 273 273
p/78.jpg 1 0 0 272 272
p/71.jpg 1 0 0 274 274
p/70.jpg 1 0 0 273 273
p/69.jpg 1 0 0 269 269
p/68.jpg 1 0 0 273 273
p/67.jpg 1 0 0 273 273
p/60.jpg 1 0 0 269 269
p/59.jpg 1 0 0 269 269
p/58.jpg 1 0 0 269 269
p/57.jpg 1 0 0 269 269
p/56.jpg 1 0 0 269 269
p/49.jpg 1 0 0 269 269
p/48.jpg 1 0 0 269 269
p/47.jpg 1 0 0 258 258
p/46.jpg 1 0 0 274 274
p/45.jpg 1 0 0 274 274
p/38.jpg 1 0 0 256 256
p/37.jpg 1 0 0 282 282
p/36.jpg 1 0 0 282 282
p/35.jpg 1 0 0 256 256
p/34.jpg 1 0 0 256 256
p/27.jpg 1 0 0 287 287
p/26.jpg 1 0 0 282 282
p/25.jpg 1 0 0 279 279
p/24.jpg 1 0 0 279 279
p/23.jpg 1 0 0 270 270
p/16.jpg 1 0 0 270 270
p/15.jpg 1 0 0 267 267
p/14.jpg 1 0 0 275 275
p/13.jpg 1 0 0 275 275
p/12.jpg 1 0 0 270 270
p/5.jpg 1 0 0 280 280
p/4.jpg 1 0 0 278 278
p/3.jpg 1 0 0 280 280
p/2.jpg 1 0 0 280 280
p/1.jpg 1 0 0 280 280
p/278.jpg 1 0 0 184 184
p/277.jpg 1 0 0 196 196
p/276.jpg 1 0 0 197 197
p/258.jpg 1 0 0 198 198
p/257.jpg 1 0 0 198 198
p/256.jpg 1 0 0 203 203
p/255.jpg 1 0 0 204 204
p/249.jpg 1 0 0 200 200
p/248.jpg 1 0 0 200 200
p/247.jpg 1 0 0 190 190
p/240.jpg 1 0 0 192 192
p/239.jpg 1 0 0 198 198
p/238.jpg 1 0 0 182 182
p/228.jpg 1 0 0 200 200
p/227.jpg 1 0 0 205 205
p/219.jpg 1 0 0 209 209
p/217.jpg 1 0 0 199 199
p/215.jpg 1 0 0 212 212
p/214.jpg 1 0 0 212 212
p/208.jpg 1 0 0 206 206
p/207.jpg 1 0 0 213 213
p/205.jpg 1 0 0 217 217
p/204.jpg 1 0 0 214 214
p/181.jpg 1 0 0 210 210
p/172.jpg 1 0 0 213 213
p/171.jpg 1 0 0 218 218
p/170.jpg 1 0 0 205 205
p/169.jpg 1 0 0 203 203
p/168.jpg 1 0 0 196 196
p/161.jpg 1 0 0 211 211
p/160.jpg 1 0 0 209 209
p/159.jpg 1 0 0 216 216
p/WIN_20211206_21_53_16_Pro.jpg 1 0 0 242 292
p/WIN_20211206_21_53_12_Pro.jpg 1 0 0 206 292
p/WIN_20211206_21_53_10_Pro.jpg 1 0 0 218 285
p/WIN_20211206_21_53_08_Pro.jpg 1 0 0 243 297
p/WIN_20211206_21_53_04_Pro.jpg 1 0 0 236 274
p/WIN_20211206_21_52_53_Pro.jpg 1 0 0 228 288
p/WIN_20211206_21_52_47_Pro.jpg 1 0 0 229 302
p/WIN_20211206_21_52_45_Pro.jpg 1 0 0 222 299
p/WIN_20211206_21_52_40_Pro.jpg 1 0 0 211 295
p/IMG_20211205_190819_23.jpg 1 0 0 1650 2304
p/IMG_20211205_190819_21.jpg 1 0 0 1358 2258
p/WIN_20211207_06_24_24_Pro.jpg 1 0 0 222 268
p/WIN_20211207_06_24_22_Pro.jpg 1 0 0 218 282
p/WIN_20211207_06_24_18_Pro.jpg 1 0 0 224 253
p/WIN_20211207_06_24_16_Pro.jpg 1 0 0 220 270
p/WIN_20211207_06_24_12_Pro.jpg 1 0 0 219 242
p/WIN_20211207_06_24_08_Pro.jpg 1 0 0 222 263
p/WIN_20211207_06_24_03_Pro.jpg 1 0 0 211 264
p/WIN_20211207_06_23_57_Pro.jpg 1 0 0 231 286
p/WIN_20211207_06_23_53_Pro.jpg 1 0 0 215 268
p/WIN_20211207_06_23_48_Pro.jpg 1 0 0 203 290
p/WIN_20211207_06_23_42_Pro.jpg 1 0 0 218 259
p/IMG_20211205_190819_4.jpg 1 0 0 1851 2507
p/IMG_20211205_190819_2.jpg 1 0 0 1886 2426
p/IMG_20211205_190819_1.jpg 1 0 0 2006 2477
p/1638953140856.jpg 1 0 0 201 261
p/1638953140849.jpg 1 0 0 199 265
p/1638953140846.jpg 1 0 0 204 254
p/1638953140842.jpg 1 0 0 183 264
p/1638953140839.jpg 1 0 0 189 271
p/1638953140837.jpg 1 0 0 183 271
p/1638953140834.jpg 1 0 0 202 260
p/1638953140831.jpg 1 0 0 188 256
p/1638951470488.jpg 1 0 0 183 231
p/1638951470452.jpg 1 0 0 216 251
p/1638951470442.jpg 1 0 0 203 257
p/1638951470441.jpg 1 0 0 201 263
p/1638951470440.jpg 1 0 0 196 263
p/1638951470439.jpg 1 0 0 194 249
p/1638794967916.jpg 1 0 0 226 313
p/1638794967915.jpg 1 0 0 224 299
p/1638794967913.jpg 1 0 0 219 289
p/1638794967912.jpg 1 0 0 186 305
p/1638794967911.jpg 1 0 0 197 300
p/1638794967910.jpg 1 0 0 229 276
p/1638794967908.jpg 1 0 0 234 266
p/1638794967906.jpg 1 0 0 210 303
p/1638794967905.jpg 1 0 0 232 276
p/1638794967903.jpg 1 0 0 233 280
p/1638794967902.jpg 1 0 0 225 297
p/1638794967900.jpg 1 0 0 224 276
p/1638794967899.jpg 1 0 0 270 330
p/1638794967896.jpg 1 0 0 271 329
p/1739.jpg 1 0 0 226 294
p/1737.jpg 1 0 0 234 286
p/1648.jpg 1 0 0 290 334
p/1539.jpg 1 0 0 209 246
p/858.jpg 1 0 0 203 269
p/836.jpg 1 0 0 208 269
p/765.jpg 1 0 0 208 250
p/758.jpg 1 0 0 199 247
p/653.jpg 1 0 0 191 252
p/640.jpg 1 0 0 190 259
p/596.jpg 1 0 0 201 266
p/571.jpg 1 0 0 218 231
p/513.jpg 1 0 0 190 253
p/416.jpg 1 0 0 207 218
p/415.jpg 1 0 0 210 230
p/369.jpg 1 0 0 210 267
p/356.jpg 1 0 0 204 256
p/344.jpg 1 0 0 206 252
p/17.jpg 1 0 0 229 274
p/9.jpg 1 0 0 221 288
p/7.jpg 1 0 0 235 275