n/696.jpg
n/695.jpg
n/694.jpg
n/685.jpg
n/684.jpg
n/683.jpg
n/674.jpg
n/673.jpg
n/672.jpg
n/663.jpg
n/662.jpg
n/661.jpg
n/652.jpg
n/651.jpg
n/650.jpg
n/641.jpg
n/640.jpg
n/639.jpg
n/630.jpg
n/629.jpg
n/628.jpg
n/619.jpg
n/618.jpg
n/617.jpg
n/608.jpg
n/607.jpg
n/606.jpg
n/597.jpg
n/596.jpg
n/595.jpg
n/586.jpg
n/585.jpg
n/584.jpg
n/575.jpg
n/574.jpg
n/573.jpg
n/564.jpg
n/563.jpg
n/562.jpg
n/553.jpg
n/552.jpg
n/551.jpg
n/542.jpg
n/541.jpg
n/540.jpg
n/531.jpg
n/530.jpg
n/529.jpg
n/520.jpg
n/519.jpg
n/518.jpg
n/509.jpg
n/508.jpg
n/507.jpg
n/498.jpg
n/497.jpg
n/496.jpg
n/487.jpg
n/486.jpg
n/485.jpg
n/476.jpg
n/475.jpg
n/474.jpg
n/465.jpg
n/464.jpg
n/463.jpg
n/454.jpg
n/453.jpg
n/452.jpg
n/443.jpg
n/442.jpg
n/441.jpg
n/432.jpg
n/431.jpg
n/430.jpg
n/421.jpg
n/420.jpg
n/419.jpg
n/410.jpg
n/409.jpg
n/408.jpg
n/399.jpg
n/398.jpg
n/397.jpg
n/388.jpg
n/387.jpg
n/386.jpg
n/377.jpg
n/376.jpg
n/375.jpg
n/366.jpg
n/365.jpg
n/364.jpg
n/94.jpg
n/44.jpg
n/35.jpg
n/14.jpg
n/13.jpg
n/12.jpg
n/11.jpg
n/4313.jpg
n/3166.jpg
n/3151.jpg
n/3102.jpg
n/2794.jpg
n/2789.jpg
n/2786.jpg
n/2470.jpg
n/698.jpg
n/489.jpg
n/91.jpg
n/90.jpg
n/89.jpg
n/83.jpg
n/82.jpg
n/169.jpg
n/168.jpg
n/161.jpg
n/160.jpg
n/159.jpg
n/158.jpg
n/152.jpg
n/151.jpg
n/150.jpg
n/141.jpg
n/140.jpg
n/102.jpg
n/101.jpg
n/100.jpg
n/99.jpg
n/98.jpg
n/97.jpg
n/93.jpg
n/92.jpg
n/81.jpg
n/80.jpg
n/79.jpg
n/78.jpg
n/36.jpg
n/34.jpg
n/33.jpg
n/25.jpg
n/24.jpg
n/23.jpg
n/22.jpg
n/3.jpg
n/2.jpg
n/1.jpg
n/223.jpg
n/IMG_20211206_201348_88.jpg
n/484.jpg
n/482.jpg
n/459.jpg
n/458.jpg
n/457.jpg
n/363.jpg
n/224.jpg
n/235.jpg
n/234.jpg
n/225.jpg
n/222.jpg
n/48.jpg
n/47.jpg
n/46.jpg
n/815.jpg
n/763.jpg
n/762.jpg
n/761.jpg
n/760.jpg
n/752.jpg
n/751.jpg
n/750.jpg
n/749.jpg
n/741.jpg
n/740.jpg
n/739.jpg
n/738.jpg
n/730.jpg
n/729.jpg
n/728.jpg
n/727.jpg
n/687.jpg
n/686.jpg
n/676.jpg
n/675.jpg
n/665.jpg
n/664.jpg
n/631.jpg
n/609.jpg
n/598.jpg
n/566.jpg
n/565.jpg
n/556.jpg
n/555.jpg
n/554.jpg
n/545.jpg
n/544.jpg
n/488.jpg
n/478.jpg
n/477.jpg
n/467.jpg
n/466.jpg
n/451.jpg
n/450.jpg
n/449.jpg
n/448.jpg
n/447.jpg
n/446.jpg
n/445.jpg
n/440.jpg
n/439.jpg
n/438.jpg
n/436.jpg
n/435.jpg
n/434.jpg
n/10.jpg
n/5011.jpg
n/4906.jpg
n/4904.jpg
n/4755.jpg
n/4641.jpg
n/4628.jpg
n/4513.jpg
n/4506.jpg
n/4333.jpg
n/4321.jpg
n/4319.jpg
n/4308.jpg
n/4303.jpg
n/4299.jpg
n/4296.jpg
n/4290.jpg
n/4288.jpg
n/4279.jpg
n/4133.jpg
n/3367.jpg
n/3272.jpg
n/3260.jpg
n/3248.jpg
n/3179.jpg
n/3177.jpg
n/3100.jpg
n/3092.jpg
n/3087.jpg
n/3080.jpg
n/3068.jpg
n/3062.jpg
n/2976.jpg
n/2963.jpg
n/2950.jpg
n/2944.jpg
n/2940.jpg
n/2936.jpg
n/2932.jpg
n/2920.jpg
n/2832.jpg
n/2825.jpg
n/2815.jpg
n/2810.jpg
n/2802.jpg
n/2800.jpg
n/2780.jpg
n/2777.jpg
n/2683.jpg
n/2671.jpg
n/2661.jpg
n/2652.jpg
n/2646.jpg
n/2640.jpg
n/2634.jpg
n/2494.jpg
n/2489.jpg
n/2483.jpg
n/2478.jpg
n/2476.jpg
n/1638965426142.jpg
n/1638965426141.jpg
n/1638965426140.jpg
n/1638965426139.jpg
n/1638965426130.jpg
n/1638965426129.jpg
n/1638965426128.jpg
n/1638965426127.jpg
n/1638965426122.jpg
n/1638965426121.jpg
n/1638965426120.jpg
n/1638965426119.jpg
n/1638965426165.jpg
n/1638965426164.jpg
n/1638965426154.jpg
n/1638965426153.jpg
n/1638965426152.jpg
n/1638965426126.jpg
n/1638965426125.jpg
n/1638965426124.jpg
n/1638965426123.jpg
n/1638964296642.jpg
n/1638964296641.jpg
n/1638964296640.jpg
n/1638964296639.jpg
n/1638964296666.jpg
n/1638964296651.jpg
n/456.jpg
n/437.jpg
n/WIN_20211206_21_26_31_Pro.jpg
n/WIN_20211206_21_26_29_Pro.jpg
n/WIN_20211206_21_26_27_Pro.jpg
n/WIN_20211206_21_26_25_Pro.jpg
n/WIN_20211206_21_26_23_Pro.jpg
n/WIN_20211206_21_26_21_Pro.jpg
n/WIN_20211206_21_26_08_Pro.jpg
n/WIN_20211206_21_26_06_Pro.jpg
n/WIN_20211206_21_26_04_Pro.jpg
n/WIN_20211206_21_26_02_Pro.jpg
n/WIN_20211206_21_26_00_Pro.jpg
n/WIN_20211206_21_25_57_Pro.jpg
n/WIN_20211206_21_25_55_Pro.jpg
n/WIN_20211206_21_25_43_Pro.jpg
n/WIN_20211206_21_25_41_Pro.jpg
n/WIN_20211206_21_25_39_Pro.jpg
n/WIN_20211206_21_25_36_Pro.jpg
n/WIN_20211206_21_25_34_Pro.jpg
n/WIN_20211206_21_25_32_Pro.jpg
n/WIN_20211206_21_25_30_Pro.jpg
n/WIN_20211206_21_25_28_Pro.jpg
n/WIN_20211206_21_25_26_Pro.jpg
n/WIN_20211206_21_25_24_Pro.jpg
n/WIN_20211206_21_25_22_Pro.jpg
n/WIN_20211206_21_25_07_Pro.jpg
n/WIN_20211206_21_25_05_Pro.jpg
n/WIN_20211206_21_25_01_Pro.jpg
n/WIN_20211206_20_24_08_Pro2.jpg
n/WIN_20211206_20_25_05_Pro1.jpg
n/WIN_20211206_20_25_03_Pro1.jpg
n/WIN_20211206_20_25_59_Pro.jpg
n/WIN_20211206_20_25_57_Pro.jpg
n/WIN_20211206_20_25_55_Pro.jpg
n/WIN_20211206_20_25_05_Pro.jpg
n/WIN_20211206_20_25_03_Pro.jpg
n/WIN_20211206_20_24_44_Pro.jpg
n/WIN_20211206_20_24_37_Pro.jpg
n/WIN_20211206_20_24_10_Pro.jpg
n/IMG_20211206_201348_149.jpg
n/IMG_20211206_201348_148.jpg
n/IMG_20211206_201348_147.jpg
n/IMG_20211206_201348_146.jpg
n/IMG_20211206_201348_145.jpg
n/IMG_20211206_201348_TIMEBURST144.jpg
n/IMG_20211206_201348_TIMEBURST143.jpg
n/IMG_20211206_201348_TIMEBURST142.jpg
n/IMG_20211206_201348_TIMEBURST141.jpg
n/IMG_20211206_201348_77.jpg
n/IMG_20211206_201348_76.jpg
n/IMG_20211206_201348_75.jpg
n/IMG_20211206_201348_74.jpg
n/IMG_20211206_201348_73.jpg
n/IMG_20211206_201348_67.jpg
n/IMG_20211206_201348_TIMEBURST60.jpg
n/IMG_20211206_201348_TIMEBURST59.jpg
n/IMG_20211206_201348_TIMEBURST58.jpg
n/IMG_20211206_201348_TIMEBURST57.jpg
n/IMG_20211206_201348_TIMEBURST56.jpg
n/IMG_20211206_201348_TIMEBURST55.jpg
n/IMG_20211206_201348_55.jpg
n/IMG_20211206_201348_TIMEBURST54.jpg
n/IMG_20211206_201348_54.jpg
n/IMG_20211206_201348_TIMEBURST53.jpg
n/IMG_20211206_201348_53.jpg
n/IMG_20211206_201348_52.jpg
n/IMG_20211206_201348_51.jpg
n/IMG_20211206_201348_50.jpg
n/IMG_20211206_201348_49.jpg
n/IMG_20211206_201348_48.jpg
n/IMG_20211206_201348_47.jpg
n/IMG_20211206_201348_46.jpg
n/IMG_20211206_201348_TIMEBURST45.jpg
n/IMG_20211206_201348_45.jpg
n/IMG_20211206_201348_TIMEBURST44.jpg
n/IMG_20211206_201348_44.jpg
n/IMG_20211206_201348_TIMEBURST43.jpg
n/IMG_20211206_201348_43.jpg
n/IMG_20211206_201348_TIMEBURST42.jpg
n/IMG_20211206_201348_TIMEBURST41.jpg
n/IMG_20211206_201348_34.jpg
n/IMG_20211206_201348_TIMEBURST33.jpg
n/IMG_20211206_201348_33.jpg
n/IMG_20211206_201348_TIMEBURST32.jpg
n/IMG_20211206_201348_32.jpg
n/IMG_20211206_201348_TIMEBURST31.jpg
n/IMG_20211206_201348_31.jpg
n/IMG_20211206_201348_TIMEBURST30.jpg
n/IMG_20211206_201348_22.jpg
n/IMG_20211206_201348_21.jpg
n/IMG_20211206_201348_20.jpg
n/IMG_20211206_201348_19.jpg
n/IMG_20211206_201348_10.jpg
n/IMG_20211206_201348_9.jpg
n/IMG_20211206_201348_8.jpg
n/IMG_20211206_201348_7.jpg
n/IMG_20211206_201348_TIMEBURST5.jpg
n/IMG_20211206_201348_TIMEBURST4.jpg
n/IMG_20211206_201348_TIMEBURST3.jpg
n/IMG_20211206_201348_TIMEBURST2.jpg
n/IMG_20211206_201348_TIMEBURST1.jpg