p/IMG_20211205_113121_TIMEBURST73.jpg 1 0 0 1998 3978
p/IMG_20211205_113121_TIMEBURST72.jpg 1 0 0 1728 3831
p/IMG_20211204_204629_TIMEBURST2.jpg 1 0 0 1547 4090
p/IMG_20211204_204629_8.jpg 1 0 0 1430 3957
p/IMG_20211204_204629_7.jpg 1 0 0 1428 3894
p/IMG_20211204_204629_6.jpg 1 0 0 1478 3941
p/IMG_20211204_204629_5.jpg 1 0 0 1482 3995
p/IMG_20211204_204629_3.jpg 1 0 0 1427 4117
p/IMG_20211204_204629_2.jpg 1 0 0 1447 3995
p/IMG_20211204_204629_1.jpg 1 0 0 1429 4066
p/IMG_20211204_204309_TIMEBURST146.jpg 1 0 0 1502 3801
p/IMG_20211204_204309_TIMEBURST145.jpg 1 0 0 1438 3819
p/IMG_20211204_204309_TIMEBURST144.jpg 1 0 0 1437 3847
p/1638961469036.jpg 1 0 0 221 575
p/1638961469024.jpg 1 0 0 225 580
p/1638961469023.jpg 1 0 0 210 537
p/1493.jpg 1 0 0 217 578
p/1490.jpg 1 0 0 209 604
p/IMG_20211205_113121_TIMEBURST78.jpg 1 0 0 1561 4148
p/IMG_20211205_113121_TIMEBURST77.jpg 1 0 0 1589 4077
p/IMG_20211205_113121_TIMEBURST76.jpg 1 0 0 1564 3994
p/IMG_20211205_113121_TIMEBURST80.jpg 1 0 0 1307 3634
p/IMG_20211205_113121_TIMEBURST79.jpg 1 0 0 1792 4097
p/WIN_20211206_21_27_40_Pro.jpg 1 0 0 108 352
p/WIN_20211206_21_27_38_Pro.jpg 1 0 0 112 333
p/WIN_20211206_21_27_17_Pro.jpg 1 0 0 106 324
p/WIN_20211206_21_27_02_Pro.jpg 1 0 0 119 347
p/WIN_20211206_21_26_50_Pro.jpg 1 0 0 96 322
p/WIN_20211206_21_26_48_Pro.jpg 1 0 0 112 325
p/WIN_20211206_21_26_44_Pro.jpg 1 0 0 104 330
p/WIN_20211206_21_26_35_Pro.jpg 1 0 0 105 342
p/WIN_20211206_20_23_21_Pro.jpg 1 0 0 209 556
p/WIN_20211206_20_23_19_Pro.jpg 1 0 0 175 519
p/WIN_20211206_20_23_17_Pro.jpg 1 0 0 193 543
p/WIN_20211206_20_23_14_Pro.jpg 1 0 0 181 530
p/WIN_20211206_20_23_12_Pro.jpg 1 0 0 210 531
p/WIN_20211206_20_23_10_Pro.jpg 1 0 0 188 520
p/WIN_20211206_20_22_09_Pro.jpg 1 0 0 173 506
p/IMG_20211205_113121_TIMEBURST75.jpg 1 0 0 1714 4023
p/IMG_20211205_113121_TIMEBURST71.jpg 1 0 0 1796 3925
p/IMG_20211204_204629_TIMEBURST3.jpg 1 0 0 1488 4028
p/IMG_20211204_204629_9.jpg 1 0 0 1731 3694
p/IMG_20211204_204629_4.jpg 1 0 0 1414 3985
p/IMG_20211204_204309_TIMEBURST148.jpg 1 0 0 1315 3820
p/IMG_20211204_204309_TIMEBURST147.jpg 1 0 0 1310 3891
p/1638961469037.jpg 1 0 0 222 578
p/1638961469035.jpg 1 0 0 216 620
p/1484.jpg 1 0 0 212 548
p/241.jpg 1 0 0 211 574
p/240.jpg 1 0 0 203 584
p/1884.jpg 1 0 0 455 455
p/1872.jpg 1 0 0 551 551
p/1871.jpg 1 0 0 547 547
p/1566.jpg 1 0 0 530 530
p/1554.jpg 1 0 0 541 541
p/1553.jpg 1 0 0 539 539
p/1542.jpg 1 0 0 504 504
p/1541.jpg 1 0 0 513 513
p/1482.jpg 1 0 0 520 520
p/1481.jpg 1 0 0 518 518
p/1452.jpg 1 0 0 503 503
p/1438.jpg 1 0 0 509 509
p/1428.jpg 1 0 0 537 537
p/1427.jpg 1 0 0 542 542
p/1426.jpg 1 0 0 542 542
p/1416.jpg 1 0 0 521 521
p/1415.jpg 1 0 0 530 530
p/1414.jpg 1 0 0 529 529
p/7943.jpg 1 0 0 528 528
p/7144.jpg 1 0 0 405 405
p/1638968212479.jpg 1 0 0 413 413
p/1638968212478.jpg 1 0 0 416 416
p/1638968212477.jpg 1 0 0 404 404
p/1638968212469.jpg 1 0 0 293 293
p/1638968212468.jpg 1 0 0 299 299
p/1638968212467.jpg 1 0 0 299 299
p/1638968212466.jpg 1 0 0 287 287
p/1638968212463.jpg 1 0 0 397 397
p/1638968212462.jpg 1 0 0 392 392
p/1638968212461.jpg 1 0 0 392 392
p/1638968212450.jpg 1 0 0 471 471
p/1638968212449.jpg 1 0 0 466 466
p/1638968212439.jpg 1 0 0 428 428
p/1638968212438.jpg 1 0 0 430 430
p/1638968212437.jpg 1 0 0 432 432
p/1976.jpg 1 0 0 652 652
p/1974.jpg 1 0 0 660 660
p/1963.jpg 1 0 0 533 533
p/WIN_20211206_21_27_15_Pro.jpg 1 0 0 309 379
p/WIN_20211206_21_27_13_Pro.jpg 1 0 0 307 358
p/WIN_20211206_21_27_11_Pro.jpg 1 0 0 302 372
p/WIN_20211206_21_27_09_Pro.jpg 1 0 0 310 373
p/WIN_20211206_21_27_07_Pro.jpg 1 0 0 330 334
p/WIN_20211206_21_27_05_Pro.jpg 1 0 0 336 365
p/WIN_20211206_21_26_52_Pro.jpg 1 0 0 325 362
p/WIN_20211206_21_26_46_Pro.jpg 1 0 0 326 365
p/WIN_20211206_21_26_42_Pro.jpg 1 0 0 306 377
p/WIN_20211206_21_26_39_Pro.jpg 1 0 0 322 362
p/WIN_20211206_21_26_37_Pro.jpg 1 0 0 336 364
p/WIN_20211206_21_26_33_Pro.jpg 1 0 0 329 370
p/WIN_20211206_20_23_08_Pro.jpg 1 0 0 556 537
p/WIN_20211206_20_22_58_Pro.jpg 1 0 0 528 576
p/WIN_20211206_20_22_56_Pro.jpg 1 0 0 527 569
p/WIN_20211206_20_22_53_Pro.jpg 1 0 0 503 569
p/WIN_20211206_20_22_51_Pro.jpg 1 0 0 602 570
p/WIN_20211206_20_22_35_Pro.jpg 1 0 0 600 582
p/WIN_20211206_20_22_32_Pro.jpg 1 0 0 571 583
p/WIN_20211206_20_22_30_Pro.jpg 1 0 0 538 579
p/WIN_20211206_20_22_28_Pro.jpg 1 0 0 546 576
p/WIN_20211206_20_22_26_Pro.jpg 1 0 0 572 583
p/WIN_20211206_20_22_24_Pro.jpg 1 0 0 602 572
p/WIN_20211206_20_22_22_Pro.jpg 1 0 0 562 559
p/WIN_20211206_20_22_20_Pro.jpg 1 0 0 552 563
p/WIN_20211206_20_22_18_Pro.jpg 1 0 0 522 558
p/WIN_20211206_20_22_16_Pro.jpg 1 0 0 499 563
p/WIN_20211206_20_22_14_Pro.jpg 1 0 0 499 555
p/WIN_20211206_20_22_12_Pro.jpg 1 0 0 537 554
p/WIN_20211206_20_22_07_Pro.jpg 1 0 0 561 552
p/WIN_20211206_20_22_05_Pro.jpg 1 0 0 579 556