p/IMG_20211207_055104_TIMEBURST46.jpg 1 0 0 2039 2395
p/IMG_20211207_055104_TIMEBURST45.jpg 1 0 0 1944 2445
p/IMG_20211207_055104_TIMEBURST42.jpg 1 0 0 1932 2473
p/IMG_20211207_055104_TIMEBURST33.jpg 1 0 0 1965 2580
p/IMG_20211207_055104_TIMEBURST30.jpg 1 0 0 1937 2639
p/IMG_20211207_055104_TIMEBURST3.jpg 1 0 0 1769 2351
p/IMG_20211207_055104_36.jpg 1 0 0 1926 2657
p/IMG_20211207_055104_34.jpg 1 0 0 1985 2439
p/IMG_20211207_055104_30.jpg 1 0 0 1910 2592
p/IMG_20211207_055104_29.jpg 1 0 0 1847 2352
p/IMG_20211207_055104_27.jpg 1 0 0 1855 2311
p/IMG_20211207_055104_25.jpg 1 0 0 1891 2101
p/IMG_20211207_055104_24.jpg 1 0 0 1923 2445
p/IMG_20211207_055104_22.jpg 1 0 0 2141 2469
p/IMG_20211207_055104_20.jpg 1 0 0 2033 2479
p/IMG_20211207_055104_19.jpg 1 0 0 1966 2670
p/IMG_20211207_055104_18.jpg 1 0 0 2044 2572
p/WIN_20211206_19_32_15_Pro.jpg 1 0 0 200 268
p/WIN_20211206_19_32_14_Pro.jpg 1 0 0 186 223
p/WIN_20211206_19_32_13_Pro.jpg 1 0 0 199 245
p/WIN_20211206_19_32_10_Pro.jpg 1 0 0 201 260
p/WIN_20211206_19_32_09_Pro.jpg 1 0 0 199 257
p/WIN_20211206_19_32_05_Pro.jpg 1 0 0 195 253
p/1638795475776.jpg 1 0 0 201 267
p/1638795475775.jpg 1 0 0 186 243
p/1638795475774.jpg 1 0 0 189 260
p/1638795475773.jpg 1 0 0 174 247
p/1638795475772.jpg 1 0 0 205 241
p/1638795475771.jpg 1 0 0 200 251
p/1638795475768.jpg 1 0 0 204 251
p/2117.jpg 1 0 0 177 232
p/2115.jpg 1 0 0 181 227
p/2107.jpg 1 0 0 191 237
p/2105.jpg 1 0 0 194 230
p/2101.jpg 1 0 0 203 237
p/2098.jpg 1 0 0 194 237
p/2095.jpg 1 0 0 193 234
p/2090.jpg 1 0 0 199 233
p/2091.jpg 1 0 0 192 231
p/2088.jpg 1 0 0 188 235
p/WIN_20211206_19_32_25_Pro.jpg 1 0 0 191 255
p/WIN_20211206_19_32_23_Pro.jpg 1 0 0 192 243
p/WIN_20211206_19_32_22_Pro.jpg 1 0 0 196 249
p/WIN_20211206_19_32_21_Pro.jpg 1 0 0 194 270
p/WIN_20211206_19_32_20_Pro.jpg 1 0 0 185 251
p/WIN_20211206_19_32_19_Pro.jpg 1 0 0 191 241
p/WIN_20211206_19_32_18_Pro.jpg 1 0 0 181 230
p/1638795475769.jpg 1 0 0 188 258
p/1638795475766.jpg 1 0 0 184 217
p/1638795475765.jpg 1 0 0 179 233
p/1638795475763.jpg 1 0 0 194 259
p/1638795475762.jpg 1 0 0 204 241
p/1638795475760.jpg 1 0 0 180 221
p/1638795475751.jpg 1 0 0 182 220
p/2205.jpg 1 0 0 177 219
p/2204.jpg 1 0 0 188 215
p/2202.jpg 1 0 0 176 222
p/1964.jpg 1 0 0 178 230
p/1947.jpg 1 0 0 172 233
p/1888.jpg 1 0 0 187 239
p/1879.jpg 1 0 0 178 235
p/1878.jpg 1 0 0 195 234
p/1876.jpg 1 0 0 181 228
p/1872.jpg 1 0 0 195 232
p/1827.jpg 1 0 0 179 227
p/1824.jpg 1 0 0 192 238
p/1786.jpg 1 0 0 177 233
p/25.jpg 1 0 0 233 296
p/22.jpg 1 0 0 223 300
p/3.jpg 1 0 0 263 327
p/2.jpg 1 0 0 281 317
p/1.jpg 1 0 0 282 306